[debug] [2025-07-07T02:10:17.992Z] ----------------------------------------------------------------------
[debug] [2025-07-07T02:10:17.994Z] Command:       C:\Program Files\nodejs\node.exe C:\Users\Jovelyn\AppData\Roaming\npm\node_modules\firebase-tools\lib\bin\firebase.js init
[debug] [2025-07-07T02:10:17.995Z] CLI Version:   14.9.0
[debug] [2025-07-07T02:10:17.995Z] Platform:      win32
[debug] [2025-07-07T02:10:17.995Z] Node Version:  v22.15.0
[debug] [2025-07-07T02:10:17.996Z] Time:          Mon Jul 07 2025 10:10:17 GMT+0800 (Singapore Standard Time)
[debug] [2025-07-07T02:10:17.996Z] ----------------------------------------------------------------------
[debug] 
[debug] [2025-07-07T02:10:18.001Z] > command requires scopes: ["email","openid","https://www.googleapis.com/auth/cloudplatformprojects.readonly","https://www.googleapis.com/auth/firebase","https://www.googleapis.com/auth/cloud-platform"]
[debug] [2025-07-07T02:10:18.001Z] > authorizing via signed-in user (torressyanvale@gmail.com)
[info] 
     ######## #### ########  ######## ########     ###     ######  ########
     ##        ##  ##     ## ##       ##     ##  ##   ##  ##       ##
     ######    ##  ########  ######   ########  #########  ######  ######
     ##        ##  ##    ##  ##       ##     ## ##     ##       ## ##
     ##       #### ##     ## ######## ########  ##     ##  ######  ########

You're about to initialize a Firebase project in this directory:

  C:\Users\Jovelyn\coding\user-authentication-boilerplate

[debug] [2025-07-07T02:14:55.103Z] ExitPromptError: User force closed the prompt with SIGINT
    at Interface.sigint (C:\Users\Jovelyn\AppData\Roaming\npm\node_modules\firebase-tools\node_modules\@inquirer\core\dist\commonjs\lib\create-prompt.js:101:37)
    at Interface.emit (node:events:518:28)
    at Interface.emit (node:domain:489:12)
    at [_ttyWrite] [as _ttyWrite] (node:internal/readline/interface:1128:18)
    at ReadStream.onkeypress (node:internal/readline/interface:267:20)
    at ReadStream.emit (node:events:530:35)
    at ReadStream.emit (node:domain:489:12)
    at emitKeys (node:internal/readline/utils:370:14)
    at emitKeys.next (<anonymous>)
    at ReadStream.onData (node:internal/readline/emitKeypressEvents:64:36)
[error] 
[error] Error: An unexpected error has occurred.
